<?xml version="1.0" encoding="UTF-8"?>
<!-- Generated by org.testng.reporters.JUnitReportReporter -->
<testsuite hostname="DESKTOP-E7HVEAG" failures="0" tests="1" name="com.inetBanking.testCases.TC003_AddNewCustomer" time="16.812" errors="0" timestamp="2020-04-17T00:43:26 IST" skipped="0">
  <testcase classname="com.inetBanking.testCases.TC003_AddNewCustomer" name="addNewCustomer" time="16.812"/>
</testsuite> <!-- com.inetBanking.testCases.TC003_AddNewCustomer -->
