<?xml version="1.0" encoding="UTF-8"?>
<!-- Generated by org.testng.reporters.JUnitReportReporter -->
<testsuite hostname="DESKTOP-E7HVEAG" failures="0" tests="1" name="com.inetBanking.testCases.TC001_LoginTest" time="2.803" errors="0" timestamp="2020-04-14T00:23:53 IST" skipped="0">
  <testcase classname="com.inetBanking.testCases.TC001_LoginTest" name="loginTest" time="2.803"/>
</testsuite> <!-- com.inetBanking.testCases.TC001_LoginTest -->
